build/app/intermediates/manifest_merge_blame_file/debug/manifest-merger-blame-debug-report.txt
1<?xml version="1.0" encoding="utf-8"?>
2<manifest xmlns:android="http://schemas.android.com/apk/res/android"
3    package="com.example.user"
4    android:versionCode="1"
5    android:versionName="1.0.0" >
6
7    <uses-sdk
8        android:minSdkVersion="19"
9        android:targetSdkVersion="30" />
10    <!--
11         Flutter needs it to communicate with the running application
12         to allow setting breakpoints, to provide hot reload, etc.
13    -->
14    <uses-permission android:name="android.permission.INTERNET" />
14-->src\debug\AndroidManifest.xml:6:5-66
14-->src\debug\AndroidManifest.xml:6:22-64
15
16    <queries>
16-->src\main\AndroidManifest.xml:3:5-24:15
17
18        <!-- If your app opens https URLs -->
19        <intent>
19-->src\main\AndroidManifest.xml:5:7-8:16
20            <action android:name="android.intent.action.VIEW" />
20-->src\main\AndroidManifest.xml:6:9-61
20-->src\main\AndroidManifest.xml:6:17-58
21
22            <data android:scheme="https" />
22-->src\main\AndroidManifest.xml:7:9-40
22-->src\main\AndroidManifest.xml:7:15-37
23        </intent>
24        <!-- If your app makes calls -->
25        <intent>
25-->src\main\AndroidManifest.xml:10:7-13:16
26            <action android:name="android.intent.action.DIAL" />
26-->src\main\AndroidManifest.xml:11:9-61
26-->src\main\AndroidManifest.xml:11:17-58
27
28            <data android:scheme="tel" />
28-->src\main\AndroidManifest.xml:7:9-40
28-->src\main\AndroidManifest.xml:7:15-37
29        </intent>
30        <!-- If your sends SMS messages -->
31        <intent>
31-->src\main\AndroidManifest.xml:15:7-18:16
32            <action android:name="android.intent.action.SENDTO" />
32-->src\main\AndroidManifest.xml:16:9-63
32-->src\main\AndroidManifest.xml:16:17-60
33
34            <data android:scheme="smsto" />
34-->src\main\AndroidManifest.xml:7:9-40
34-->src\main\AndroidManifest.xml:7:15-37
35        </intent>
36        <!-- If your app sends emails -->
37        <intent>
37-->src\main\AndroidManifest.xml:20:7-23:16
38            <action android:name="android.intent.action.SEND" />
38-->src\main\AndroidManifest.xml:21:9-61
38-->src\main\AndroidManifest.xml:21:17-58
39
40            <data android:mimeType="*/*" />
40-->src\main\AndroidManifest.xml:7:9-40
41        </intent>
42    </queries>
43
44    <uses-permission android:name="android.permission.WAKE_LOCK" />
44-->[:firebase_messaging] AndroidManifest.xml:8:5-68
44-->[:firebase_messaging] AndroidManifest.xml:8:22-65
45    <uses-permission android:name="android.permission.ACCESS_NETWORK_STATE" /> <!-- Required by older versions of Google Play services to create IID tokens -->
45-->[:firebase_messaging] AndroidManifest.xml:9:5-79
45-->[:firebase_messaging] AndroidManifest.xml:9:22-76
46    <uses-permission android:name="com.google.android.c2dm.permission.RECEIVE" />
46-->[com.google.firebase:firebase-messaging:23.0.0] AndroidManifest.xml:25:5-82
46-->[com.google.firebase:firebase-messaging:23.0.0] AndroidManifest.xml:25:22-79
47
48    <application
48-->src\main\AndroidManifest.xml:25:4-66:19
49        android:name="androidx.multidex.MultiDexApplication"
50        android:appComponentFactory="androidx.core.app.CoreComponentFactory"
50-->[androidx.core:core:1.6.0] AndroidManifest.xml:24:18-86
51        android:debuggable="true"
52        android:icon="@mipmap/ic_launcher"
52-->src\main\AndroidManifest.xml:27:9-43
53        android:label="user" >
53-->src\main\AndroidManifest.xml:26:9-29
54        <activity
54-->src\main\AndroidManifest.xml:28:9-60:20
55            android:name="com.example.user.MainActivity"
55-->src\main\AndroidManifest.xml:29:13-41
56            android:configChanges="orientation|keyboardHidden|keyboard|screenSize|smallestScreenSize|locale|layoutDirection|fontScale|screenLayout|density|uiMode"
56-->src\main\AndroidManifest.xml:32:13-163
57            android:hardwareAccelerated="true"
57-->src\main\AndroidManifest.xml:33:13-47
58            android:launchMode="singleTop"
58-->src\main\AndroidManifest.xml:30:13-43
59            android:theme="@style/LaunchTheme"
59-->src\main\AndroidManifest.xml:31:13-47
60            android:windowSoftInputMode="adjustResize" >
60-->src\main\AndroidManifest.xml:34:13-55
61
62            <!--
63                 Specifies an Android theme to apply to this Activity as soon as
64                 the Android process has started. This theme is visible to the user
65                 while the Flutter UI initializes. After that, this theme continues
66                 to determine the Window background behind the Flutter UI.
67            -->
68            <meta-data
68-->src\main\AndroidManifest.xml:39:13-42:17
69                android:name="io.flutter.embedding.android.NormalTheme"
69-->src\main\AndroidManifest.xml:40:15-70
70                android:resource="@style/NormalTheme" />
70-->src\main\AndroidManifest.xml:41:15-52
71            <!--
72                 Displays an Android View that continues showing the launch screen
73                 Drawable until Flutter paints its first frame, then this splash
74                 screen fades out. A splash screen is useful to avoid any visual
75                 gap between the end of Android's launch screen and the painting of
76                 Flutter's first frame.
77            -->
78            <meta-data
78-->src\main\AndroidManifest.xml:48:13-51:17
79                android:name="io.flutter.embedding.android.SplashScreenDrawable"
79-->src\main\AndroidManifest.xml:49:15-79
80                android:resource="@drawable/launch_background" />
80-->src\main\AndroidManifest.xml:50:15-61
81
82            <intent-filter>
82-->src\main\AndroidManifest.xml:52:13-55:29
83                <action android:name="android.intent.action.MAIN" />
83-->src\main\AndroidManifest.xml:53:17-68
83-->src\main\AndroidManifest.xml:53:25-66
84
85                <category android:name="android.intent.category.LAUNCHER" />
85-->src\main\AndroidManifest.xml:54:17-76
85-->src\main\AndroidManifest.xml:54:27-74
86            </intent-filter>
87            <intent-filter>
87-->src\main\AndroidManifest.xml:56:13-59:29
88                <action android:name="FLUTTER_NOTIFICATION_CLICK" />
88-->src\main\AndroidManifest.xml:57:15-67
88-->src\main\AndroidManifest.xml:57:23-64
89
90                <category android:name="android.intent.category.DEFAULT" />
90-->src\main\AndroidManifest.xml:58:15-74
90-->src\main\AndroidManifest.xml:58:25-71
91            </intent-filter>
92        </activity>
93        <!--
94             Don't delete the meta-data below.
95             This is used by the Flutter tool to generate GeneratedPluginRegistrant.java
96        -->
97        <meta-data
97-->src\main\AndroidManifest.xml:63:9-65:33
98            android:name="flutterEmbedding"
98-->src\main\AndroidManifest.xml:64:13-44
99            android:value="2" />
99-->src\main\AndroidManifest.xml:65:13-30
100
101        <service
101-->[:firebase_messaging] AndroidManifest.xml:12:9-15:72
102            android:name="io.flutter.plugins.firebase.messaging.FlutterFirebaseMessagingBackgroundService"
102-->[:firebase_messaging] AndroidManifest.xml:13:13-107
103            android:exported="false"
103-->[:firebase_messaging] AndroidManifest.xml:14:13-37
104            android:permission="android.permission.BIND_JOB_SERVICE" />
104-->[:firebase_messaging] AndroidManifest.xml:15:13-69
105        <service
105-->[:firebase_messaging] AndroidManifest.xml:16:9-22:19
106            android:name="io.flutter.plugins.firebase.messaging.FlutterFirebaseMessagingService"
106-->[:firebase_messaging] AndroidManifest.xml:17:13-97
107            android:exported="false" >
107-->[:firebase_messaging] AndroidManifest.xml:18:13-37
108            <intent-filter>
108-->[:firebase_messaging] AndroidManifest.xml:19:13-21:29
109                <action android:name="com.google.firebase.MESSAGING_EVENT" />
109-->[:firebase_messaging] AndroidManifest.xml:20:17-78
109-->[:firebase_messaging] AndroidManifest.xml:20:25-75
110            </intent-filter>
111        </service>
112
113        <receiver
113-->[:firebase_messaging] AndroidManifest.xml:24:9-31:20
114            android:name="io.flutter.plugins.firebase.messaging.FlutterFirebaseMessagingReceiver"
114-->[:firebase_messaging] AndroidManifest.xml:25:13-98
115            android:exported="true"
115-->[:firebase_messaging] AndroidManifest.xml:26:13-36
116            android:permission="com.google.android.c2dm.permission.SEND" >
116-->[:firebase_messaging] AndroidManifest.xml:27:13-73
117            <intent-filter>
117-->[:firebase_messaging] AndroidManifest.xml:28:13-30:29
118                <action android:name="com.google.android.c2dm.intent.RECEIVE" />
118-->[:firebase_messaging] AndroidManifest.xml:29:17-81
118-->[:firebase_messaging] AndroidManifest.xml:29:25-78
119            </intent-filter>
120        </receiver>
121
122        <service
122-->[:firebase_messaging] AndroidManifest.xml:33:9-37:19
123            android:name="com.google.firebase.components.ComponentDiscoveryService"
123-->[:firebase_messaging] AndroidManifest.xml:33:18-89
124            android:directBootAware="true"
124-->[com.google.firebase:firebase-common:20.0.0] AndroidManifest.xml:35:13-43
125            android:exported="false" >
125-->[com.google.firebase:firebase-messaging:23.0.0] AndroidManifest.xml:51:13-37
126            <meta-data
126-->[:firebase_messaging] AndroidManifest.xml:34:13-36:85
127                android:name="com.google.firebase.components:io.flutter.plugins.firebase.messaging.FlutterFirebaseAppRegistrar"
127-->[:firebase_messaging] AndroidManifest.xml:35:17-128
128                android:value="com.google.firebase.components.ComponentRegistrar" />
128-->[:firebase_messaging] AndroidManifest.xml:36:17-82
129            <meta-data
129-->[:firebase_auth] AndroidManifest.xml:9:13-11:85
130                android:name="com.google.firebase.components:io.flutter.plugins.firebase.auth.FlutterFirebaseAuthRegistrar"
130-->[:firebase_auth] AndroidManifest.xml:10:17-124
131                android:value="com.google.firebase.components.ComponentRegistrar" />
131-->[:firebase_auth] AndroidManifest.xml:11:17-82
132            <meta-data
132-->[:cloud_firestore] AndroidManifest.xml:9:13-11:85
133                android:name="com.google.firebase.components:io.flutter.plugins.firebase.firestore.FlutterFirebaseFirestoreRegistrar"
133-->[:cloud_firestore] AndroidManifest.xml:10:17-134
134                android:value="com.google.firebase.components.ComponentRegistrar" />
134-->[:cloud_firestore] AndroidManifest.xml:11:17-82
135            <meta-data
135-->[:firebase_core] AndroidManifest.xml:9:13-11:85
136                android:name="com.google.firebase.components:io.flutter.plugins.firebase.core.FlutterFirebaseCoreRegistrar"
136-->[:firebase_core] AndroidManifest.xml:10:17-124
137                android:value="com.google.firebase.components.ComponentRegistrar" />
137-->[:firebase_core] AndroidManifest.xml:11:17-82
138            <meta-data
138-->[com.google.firebase:firebase-messaging:23.0.0] AndroidManifest.xml:52:13-54:85
139                android:name="com.google.firebase.components:com.google.firebase.messaging.FirebaseMessagingRegistrar"
139-->[com.google.firebase:firebase-messaging:23.0.0] AndroidManifest.xml:53:17-119
140                android:value="com.google.firebase.components.ComponentRegistrar" />
140-->[com.google.firebase:firebase-messaging:23.0.0] AndroidManifest.xml:54:17-82
141            <meta-data
141-->[com.google.firebase:firebase-datatransport:18.0.0] AndroidManifest.xml:28:13-30:85
142                android:name="com.google.firebase.components:com.google.firebase.datatransport.TransportRegistrar"
142-->[com.google.firebase:firebase-datatransport:18.0.0] AndroidManifest.xml:29:17-115
143                android:value="com.google.firebase.components.ComponentRegistrar" />
143-->[com.google.firebase:firebase-datatransport:18.0.0] AndroidManifest.xml:30:17-82
144            <meta-data
144-->[com.google.firebase:firebase-auth:21.0.1] AndroidManifest.xml:77:13-79:85
145                android:name="com.google.firebase.components:com.google.firebase.auth.FirebaseAuthRegistrar"
145-->[com.google.firebase:firebase-auth:21.0.1] AndroidManifest.xml:78:17-109
146                android:value="com.google.firebase.components.ComponentRegistrar" />
146-->[com.google.firebase:firebase-auth:21.0.1] AndroidManifest.xml:79:17-82
147            <meta-data
147-->[com.google.firebase:firebase-firestore:24.0.0] AndroidManifest.xml:20:13-22:85
148                android:name="com.google.firebase.components:com.google.firebase.firestore.FirestoreRegistrar"
148-->[com.google.firebase:firebase-firestore:24.0.0] AndroidManifest.xml:21:17-111
149                android:value="com.google.firebase.components.ComponentRegistrar" />
149-->[com.google.firebase:firebase-firestore:24.0.0] AndroidManifest.xml:22:17-82
150            <meta-data
150-->[com.google.firebase:firebase-installations:17.0.0] AndroidManifest.xml:18:13-20:85
151                android:name="com.google.firebase.components:com.google.firebase.installations.FirebaseInstallationsRegistrar"
151-->[com.google.firebase:firebase-installations:17.0.0] AndroidManifest.xml:19:17-127
152                android:value="com.google.firebase.components.ComponentRegistrar" />
152-->[com.google.firebase:firebase-installations:17.0.0] AndroidManifest.xml:20:17-82
153        </service>
154
155        <provider
155-->[:firebase_messaging] AndroidManifest.xml:39:9-43:38
156            android:name="io.flutter.plugins.firebase.messaging.FlutterFirebaseMessagingInitProvider"
156-->[:firebase_messaging] AndroidManifest.xml:40:13-102
157            android:authorities="com.example.user.flutterfirebasemessaginginitprovider"
157-->[:firebase_messaging] AndroidManifest.xml:41:13-88
158            android:exported="false"
158-->[:firebase_messaging] AndroidManifest.xml:42:13-37
159            android:initOrder="99" />
159-->[:firebase_messaging] AndroidManifest.xml:43:13-35
160
161        <activity
161-->[:url_launcher_android] AndroidManifest.xml:8:9-11:74
162            android:name="io.flutter.plugins.urllauncher.WebViewActivity"
162-->[:url_launcher_android] AndroidManifest.xml:9:13-74
163            android:exported="false"
163-->[:url_launcher_android] AndroidManifest.xml:10:13-37
164            android:theme="@android:style/Theme.NoTitleBar.Fullscreen" />
164-->[:url_launcher_android] AndroidManifest.xml:11:13-71
165
166        <receiver
166-->[com.google.firebase:firebase-messaging:23.0.0] AndroidManifest.xml:28:9-35:20
167            android:name="com.google.firebase.iid.FirebaseInstanceIdReceiver"
167-->[com.google.firebase:firebase-messaging:23.0.0] AndroidManifest.xml:29:13-78
168            android:exported="true"
168-->[com.google.firebase:firebase-messaging:23.0.0] AndroidManifest.xml:30:13-36
169            android:permission="com.google.android.c2dm.permission.SEND" >
169-->[com.google.firebase:firebase-messaging:23.0.0] AndroidManifest.xml:31:13-73
170            <intent-filter>
170-->[:firebase_messaging] AndroidManifest.xml:28:13-30:29
171                <action android:name="com.google.android.c2dm.intent.RECEIVE" />
171-->[:firebase_messaging] AndroidManifest.xml:29:17-81
171-->[:firebase_messaging] AndroidManifest.xml:29:25-78
172            </intent-filter>
173        </receiver>
174        <!--
175             FirebaseMessagingService performs security checks at runtime,
176             but set to not exported to explicitly avoid allowing another app to call it.
177        -->
178        <service
178-->[com.google.firebase:firebase-messaging:23.0.0] AndroidManifest.xml:41:9-48:19
179            android:name="com.google.firebase.messaging.FirebaseMessagingService"
179-->[com.google.firebase:firebase-messaging:23.0.0] AndroidManifest.xml:42:13-82
180            android:directBootAware="true"
180-->[com.google.firebase:firebase-messaging:23.0.0] AndroidManifest.xml:43:13-43
181            android:exported="false" >
181-->[com.google.firebase:firebase-messaging:23.0.0] AndroidManifest.xml:44:13-37
182            <intent-filter android:priority="-500" >
182-->[:firebase_messaging] AndroidManifest.xml:19:13-21:29
183                <action android:name="com.google.firebase.MESSAGING_EVENT" />
183-->[:firebase_messaging] AndroidManifest.xml:20:17-78
183-->[:firebase_messaging] AndroidManifest.xml:20:25-75
184            </intent-filter>
185        </service>
186        <service
186-->[com.google.android.datatransport:transport-backend-cct:3.0.0] AndroidManifest.xml:29:9-35:19
187            android:name="com.google.android.datatransport.runtime.backends.TransportBackendDiscovery"
187-->[com.google.android.datatransport:transport-backend-cct:3.0.0] AndroidManifest.xml:30:13-103
188            android:exported="false" >
188-->[com.google.android.datatransport:transport-backend-cct:3.0.0] AndroidManifest.xml:31:13-37
189            <meta-data
189-->[com.google.android.datatransport:transport-backend-cct:3.0.0] AndroidManifest.xml:32:13-34:39
190                android:name="backend:com.google.android.datatransport.cct.CctBackendFactory"
190-->[com.google.android.datatransport:transport-backend-cct:3.0.0] AndroidManifest.xml:33:17-94
191                android:value="cct" />
191-->[com.google.android.datatransport:transport-backend-cct:3.0.0] AndroidManifest.xml:34:17-36
192        </service>
193
194        <activity
194-->[com.google.firebase:firebase-auth:21.0.1] AndroidManifest.xml:27:9-44:20
195            android:name="com.google.firebase.auth.internal.GenericIdpActivity"
195-->[com.google.firebase:firebase-auth:21.0.1] AndroidManifest.xml:28:13-80
196            android:excludeFromRecents="true"
196-->[com.google.firebase:firebase-auth:21.0.1] AndroidManifest.xml:29:13-46
197            android:exported="true"
197-->[com.google.firebase:firebase-auth:21.0.1] AndroidManifest.xml:30:13-36
198            android:launchMode="singleTask"
198-->[com.google.firebase:firebase-auth:21.0.1] AndroidManifest.xml:31:13-44
199            android:theme="@android:style/Theme.Translucent.NoTitleBar" >
199-->[com.google.firebase:firebase-auth:21.0.1] AndroidManifest.xml:32:13-72
200            <intent-filter>
200-->[com.google.firebase:firebase-auth:21.0.1] AndroidManifest.xml:33:13-43:29
201                <action android:name="android.intent.action.VIEW" />
201-->src\main\AndroidManifest.xml:6:9-61
201-->src\main\AndroidManifest.xml:6:17-58
202
203                <category android:name="android.intent.category.DEFAULT" />
203-->src\main\AndroidManifest.xml:58:15-74
203-->src\main\AndroidManifest.xml:58:25-71
204                <category android:name="android.intent.category.BROWSABLE" />
204-->[com.google.firebase:firebase-auth:21.0.1] AndroidManifest.xml:37:17-78
204-->[com.google.firebase:firebase-auth:21.0.1] AndroidManifest.xml:37:27-75
205
206                <data
206-->src\main\AndroidManifest.xml:7:9-40
207                    android:host="firebase.auth"
208                    android:path="/"
209                    android:scheme="genericidp" />
209-->src\main\AndroidManifest.xml:7:15-37
210            </intent-filter>
211        </activity>
212        <activity
212-->[com.google.firebase:firebase-auth:21.0.1] AndroidManifest.xml:45:9-62:20
213            android:name="com.google.firebase.auth.internal.RecaptchaActivity"
213-->[com.google.firebase:firebase-auth:21.0.1] AndroidManifest.xml:46:13-79
214            android:excludeFromRecents="true"
214-->[com.google.firebase:firebase-auth:21.0.1] AndroidManifest.xml:47:13-46
215            android:exported="true"
215-->[com.google.firebase:firebase-auth:21.0.1] AndroidManifest.xml:48:13-36
216            android:launchMode="singleTask"
216-->[com.google.firebase:firebase-auth:21.0.1] AndroidManifest.xml:49:13-44
217            android:theme="@android:style/Theme.Translucent.NoTitleBar" >
217-->[com.google.firebase:firebase-auth:21.0.1] AndroidManifest.xml:50:13-72
218            <intent-filter>
218-->[com.google.firebase:firebase-auth:21.0.1] AndroidManifest.xml:51:13-61:29
219                <action android:name="android.intent.action.VIEW" />
219-->src\main\AndroidManifest.xml:6:9-61
219-->src\main\AndroidManifest.xml:6:17-58
220
221                <category android:name="android.intent.category.DEFAULT" />
221-->src\main\AndroidManifest.xml:58:15-74
221-->src\main\AndroidManifest.xml:58:25-71
222                <category android:name="android.intent.category.BROWSABLE" />
222-->[com.google.firebase:firebase-auth:21.0.1] AndroidManifest.xml:37:17-78
222-->[com.google.firebase:firebase-auth:21.0.1] AndroidManifest.xml:37:27-75
223
224                <data
224-->src\main\AndroidManifest.xml:7:9-40
225                    android:host="firebase.auth"
226                    android:path="/"
227                    android:scheme="recaptcha" />
227-->src\main\AndroidManifest.xml:7:15-37
228            </intent-filter>
229        </activity>
230
231        <service
231-->[com.google.firebase:firebase-auth:21.0.1] AndroidManifest.xml:64:9-73:19
232            android:name="com.google.firebase.auth.api.fallback.service.FirebaseAuthFallbackService"
232-->[com.google.firebase:firebase-auth:21.0.1] AndroidManifest.xml:65:13-101
233            android:enabled="true"
233-->[com.google.firebase:firebase-auth:21.0.1] AndroidManifest.xml:66:13-35
234            android:exported="false" >
234-->[com.google.firebase:firebase-auth:21.0.1] AndroidManifest.xml:67:13-37
235            <intent-filter>
235-->[com.google.firebase:firebase-auth:21.0.1] AndroidManifest.xml:68:13-72:29
236                <action android:name="com.google.firebase.auth.api.gms.service.START" />
236-->[com.google.firebase:firebase-auth:21.0.1] AndroidManifest.xml:69:17-89
236-->[com.google.firebase:firebase-auth:21.0.1] AndroidManifest.xml:69:25-86
237
238                <category android:name="android.intent.category.DEFAULT" />
238-->src\main\AndroidManifest.xml:58:15-74
238-->src\main\AndroidManifest.xml:58:25-71
239            </intent-filter>
240        </service>
241
242        <provider
242-->[com.google.firebase:firebase-common:20.0.0] AndroidManifest.xml:26:9-31:39
243            android:name="com.google.firebase.provider.FirebaseInitProvider"
243-->[com.google.firebase:firebase-common:20.0.0] AndroidManifest.xml:27:13-77
244            android:authorities="com.example.user.firebaseinitprovider"
244-->[com.google.firebase:firebase-common:20.0.0] AndroidManifest.xml:28:13-72
245            android:directBootAware="true"
245-->[com.google.firebase:firebase-common:20.0.0] AndroidManifest.xml:29:13-43
246            android:exported="false"
246-->[com.google.firebase:firebase-common:20.0.0] AndroidManifest.xml:30:13-37
247            android:initOrder="100" />
247-->[com.google.firebase:firebase-common:20.0.0] AndroidManifest.xml:31:13-36
248
249        <activity
249-->[com.google.android.gms:play-services-auth:16.0.1] AndroidManifest.xml:23:9-27:75
250            android:name="com.google.android.gms.auth.api.signin.internal.SignInHubActivity"
250-->[com.google.android.gms:play-services-auth:16.0.1] AndroidManifest.xml:24:13-93
251            android:excludeFromRecents="true"
251-->[com.google.android.gms:play-services-auth:16.0.1] AndroidManifest.xml:25:13-46
252            android:exported="false"
252-->[com.google.android.gms:play-services-auth:16.0.1] AndroidManifest.xml:26:13-37
253            android:theme="@android:style/Theme.Translucent.NoTitleBar" />
253-->[com.google.android.gms:play-services-auth:16.0.1] AndroidManifest.xml:27:13-72
254        <!--
255            Service handling Google Sign-In user revocation. For apps that do not integrate with
256            Google Sign-In, this service will never be started.
257        -->
258        <service
258-->[com.google.android.gms:play-services-auth:16.0.1] AndroidManifest.xml:33:9-36:110
259            android:name="com.google.android.gms.auth.api.signin.RevocationBoundService"
259-->[com.google.android.gms:play-services-auth:16.0.1] AndroidManifest.xml:34:13-89
260            android:exported="true"
260-->[com.google.android.gms:play-services-auth:16.0.1] AndroidManifest.xml:35:13-36
261            android:permission="com.google.android.gms.auth.api.signin.permission.REVOCATION_NOTIFICATION" />
261-->[com.google.android.gms:play-services-auth:16.0.1] AndroidManifest.xml:36:13-107
262
263        <activity
263-->[com.google.android.gms:play-services-base:17.1.0] AndroidManifest.xml:23:9-26:75
264            android:name="com.google.android.gms.common.api.GoogleApiActivity"
264-->[com.google.android.gms:play-services-base:17.1.0] AndroidManifest.xml:24:13-79
265            android:exported="false"
265-->[com.google.android.gms:play-services-base:17.1.0] AndroidManifest.xml:25:13-37
266            android:theme="@android:style/Theme.Translucent.NoTitleBar" />
266-->[com.google.android.gms:play-services-base:17.1.0] AndroidManifest.xml:26:13-72
267
268        <meta-data
268-->[com.google.android.gms:play-services-basement:17.1.0] AndroidManifest.xml:23:9-25:69
269            android:name="com.google.android.gms.version"
269-->[com.google.android.gms:play-services-basement:17.1.0] AndroidManifest.xml:24:13-58
270            android:value="@integer/google_play_services_version" />
270-->[com.google.android.gms:play-services-basement:17.1.0] AndroidManifest.xml:25:13-66
271
272        <service
272-->[com.google.android.datatransport:transport-runtime:3.0.0] AndroidManifest.xml:26:9-30:19
273            android:name="com.google.android.datatransport.runtime.scheduling.jobscheduling.JobInfoSchedulerService"
273-->[com.google.android.datatransport:transport-runtime:3.0.0] AndroidManifest.xml:27:13-117
274            android:exported="false"
274-->[com.google.android.datatransport:transport-runtime:3.0.0] AndroidManifest.xml:28:13-37
275            android:permission="android.permission.BIND_JOB_SERVICE" >
275-->[com.google.android.datatransport:transport-runtime:3.0.0] AndroidManifest.xml:29:13-69
276        </service>
277
278        <receiver
278-->[com.google.android.datatransport:transport-runtime:3.0.0] AndroidManifest.xml:32:9-34:40
279            android:name="com.google.android.datatransport.runtime.scheduling.jobscheduling.AlarmManagerSchedulerBroadcastReceiver"
279-->[com.google.android.datatransport:transport-runtime:3.0.0] AndroidManifest.xml:33:13-132
280            android:exported="false" />
280-->[com.google.android.datatransport:transport-runtime:3.0.0] AndroidManifest.xml:34:13-37
281    </application>
282
283</manifest>